Model Name:	SonyA7S2_Mix_Unet
Architecture:	UNetSeeInDark
TrainDataset:	Mix_Dataset
EvalDataset:	ELD_Dataset
CameraType:	SonyA7S2
num_channels:	32
BatchSize:	1
PatchSize:	512
LearningRate:	0.0002
Epoch:		1800
num_workers:	0
Command:	augv1.2, idremap, darkshading2
Let's use 1 GPUs!
2022-04-19 16:02:54 >>  ELD Datasets: Dgain=100
2022-04-19 16:06:37 >>  Epoch -1: PSNR=46.50
psnrs_lr=30.98, psnrs_dn=46.50
ssims_lr=0.4878, ssims_dn=0.9852
2022-04-19 16:06:37 >>  ELD Datasets: Dgain=200
2022-04-19 16:09:52 >>  Epoch -1: PSNR=44.51
psnrs_lr=25.95, psnrs_dn=44.51
ssims_lr=0.2195, ssims_dn=0.9708
2022-04-24 20:32:37 >>  Epoch 100: PSNR=44.91
psnrs_lr=27.15, psnrs_dn=44.91
ssims_lr=0.2102, ssims_dn=0.9418
2022-04-24 22:31:14 >>  Epoch 200: PSNR=46.53
psnrs_lr=27.15, psnrs_dn=46.53
ssims_lr=0.2102, ssims_dn=0.9597
2022-04-25 00:26:37 >>  Epoch 300: PSNR=47.01
psnrs_lr=27.15, psnrs_dn=47.01
ssims_lr=0.2102, ssims_dn=0.9609
2022-04-25 02:21:00 >>  Epoch 400: PSNR=46.77
psnrs_lr=27.15, psnrs_dn=46.77
ssims_lr=0.2102, ssims_dn=0.9576
2022-04-25 04:12:15 >>  Epoch 500: PSNR=46.91
psnrs_lr=27.15, psnrs_dn=46.91
ssims_lr=0.2102, ssims_dn=0.9614
2022-04-25 06:00:09 >>  Epoch 600: PSNR=47.56
psnrs_lr=27.15, psnrs_dn=47.56
ssims_lr=0.2102, ssims_dn=0.9694
2022-04-25 06:00:11 >>  Successfully reload best model (Eval PSNR:47.56400426769785)
2022-04-25 07:46:07 >>  Epoch 700: PSNR=47.03
psnrs_lr=27.15, psnrs_dn=47.03
ssims_lr=0.2102, ssims_dn=0.9572
2022-04-25 09:31:38 >>  Epoch 800: PSNR=46.92
psnrs_lr=27.15, psnrs_dn=46.92
ssims_lr=0.2102, ssims_dn=0.9635
2022-04-25 11:17:22 >>  Epoch 900: PSNR=46.27
psnrs_lr=27.15, psnrs_dn=46.27
ssims_lr=0.2102, ssims_dn=0.9451
2022-04-25 13:06:57 >>  Epoch 1000: PSNR=47.11
psnrs_lr=27.15, psnrs_dn=47.11
ssims_lr=0.2102, ssims_dn=0.9640
2022-04-25 15:14:18 >>  Epoch 1100: PSNR=47.58
psnrs_lr=27.15, psnrs_dn=47.58
ssims_lr=0.2102, ssims_dn=0.9674
2022-04-25 17:18:26 >>  Epoch 1200: PSNR=47.19
psnrs_lr=27.15, psnrs_dn=47.19
ssims_lr=0.2102, ssims_dn=0.9660
2022-04-25 17:18:28 >>  Successfully reload best model (Eval PSNR:47.57948783917096)
2022-04-25 19:15:31 >>  Epoch 1300: PSNR=47.85
psnrs_lr=27.15, psnrs_dn=47.85
ssims_lr=0.2102, ssims_dn=0.9704
2022-04-25 21:09:56 >>  Epoch 1400: PSNR=46.63
psnrs_lr=27.15, psnrs_dn=46.63
ssims_lr=0.2102, ssims_dn=0.9491
2022-04-25 22:53:28 >>  Epoch 1500: PSNR=46.90
psnrs_lr=27.15, psnrs_dn=46.90
ssims_lr=0.2102, ssims_dn=0.9550
2022-04-26 00:26:23 >>  Epoch 1600: PSNR=47.43
psnrs_lr=27.15, psnrs_dn=47.43
ssims_lr=0.2102, ssims_dn=0.9614
2022-04-26 01:59:10 >>  Epoch 1700: PSNR=47.87
psnrs_lr=27.15, psnrs_dn=47.87
ssims_lr=0.2102, ssims_dn=0.9688
2022-04-26 03:31:02 >>  Epoch 1800: PSNR=47.10
psnrs_lr=27.15, psnrs_dn=47.10
ssims_lr=0.2102, ssims_dn=0.9573
2022-04-26 03:31:04 >>  Successfully reload best model (Eval PSNR:47.865626739077356)
2022-04-26 03:31:08 >>  ELD Datasets: Dgain=100
2022-04-26 03:33:20 >>  Epoch -1: PSNR=46.22
psnrs_lr=30.98, psnrs_dn=46.22
ssims_lr=0.4878, ssims_dn=0.9829
2022-04-26 03:33:20 >>  ELD Datasets: Dgain=200
2022-04-26 03:35:27 >>  Epoch -1: PSNR=44.28
psnrs_lr=25.95, psnrs_dn=44.28
ssims_lr=0.2195, ssims_dn=0.9671
2022-04-26 03:35:32 >>  SID Datasets: Dgain=100
2022-04-26 03:38:21 >>  Epoch -1: PSNR=42.00
psnrs_lr=29.21, psnrs_dn=42.00
ssims_lr=0.5213, ssims_dn=0.9548
2022-04-26 03:38:21 >>  SID Datasets: Dgain=250
2022-04-26 03:41:04 >>  Epoch -1: PSNR=40.67
psnrs_lr=23.77, psnrs_dn=40.67
ssims_lr=0.3286, ssims_dn=0.9434
2022-04-26 03:41:05 >>  SID Datasets: Dgain=300
2022-04-26 03:44:27 >>  Epoch -1: PSNR=37.22
psnrs_lr=22.26, psnrs_dn=37.22
ssims_lr=0.2691, ssims_dn=0.9281
Model Name:	SonyA7S2_Mix_Unet
Architecture:	UNetSeeInDark
TrainDataset:	Mix_Dataset
EvalDataset:	ELD_Dataset
CameraType:	SonyA7S2
num_channels:	32
BatchSize:	1
PatchSize:	512
LearningRate:	0.0002
Epoch:		1800
num_workers:	4
Command:	augv1.2, idremap, darkshading2
Let's use 0 GPUs!
2023-12-25 10:02:55 >>  ELD Datasets: Dgain=100
Model Name:	SonyA7S2_Mix_Unet
Architecture:	UNetSeeInDark
TrainDataset:	Mix_Dataset
EvalDataset:	ELD_Dataset
CameraType:	SonyA7S2
num_channels:	32
BatchSize:	1
PatchSize:	512
LearningRate:	0.0002
Epoch:		1800
num_workers:	4
Command:	augv1.2, idremap, darkshading2
Let's use 0 GPUs!
2023-12-25 14:29:17 >>  ELD Datasets: Dgain=100
Model Name:	SonyA7S2_Mix_Unet
Architecture:	UNetSeeInDark
TrainDataset:	Mix_Dataset
EvalDataset:	ELD_Dataset
CameraType:	SonyA7S2
num_channels:	32
BatchSize:	1
PatchSize:	512
LearningRate:	0.0002
Epoch:		1800
num_workers:	4
Command:	augv1.2, idremap, darkshading2
Let's use 0 GPUs!
2023-12-25 14:40:42 >>  ELD Datasets: Dgain=100
Model Name:	SonyA7S2_Mix_Unet
Architecture:	UNetSeeInDark
TrainDataset:	Mix_Dataset
EvalDataset:	ELD_Dataset
CameraType:	SonyA7S2
num_channels:	32
BatchSize:	1
PatchSize:	512
LearningRate:	0.0002
Epoch:		1800
num_workers:	4
Command:	augv1.2, idremap, darkshading2
Let's use 0 GPUs!
2023-12-25 15:25:03 >>  ELD Datasets: Dgain=100
Model Name:	SonyA7S2_Mix_Unet
Architecture:	UNetSeeInDark
TrainDataset:	Mix_Dataset
EvalDataset:	ELD_Dataset
CameraType:	SonyA7S2
num_channels:	32
BatchSize:	1
PatchSize:	512
LearningRate:	0.0002
Epoch:		1800
num_workers:	4
Command:	augv1.2, idremap, darkshading2
Let's use 0 GPUs!
2023-12-26 10:14:47 >>  SID Datasets: Dgain=100
Model Name:	SonyA7S2_Mix_Unet
Architecture:	UNetSeeInDark
TrainDataset:	Mix_Dataset
EvalDataset:	ELD_Dataset
CameraType:	SonyA7S2
num_channels:	32
BatchSize:	1
PatchSize:	512
LearningRate:	0.0002
Epoch:		1800
num_workers:	4
Command:	augv1.2, idremap, darkshading2
Let's use 0 GPUs!
2023-12-26 11:54:08 >>  ELD Datasets: Dgain=100
Model Name:	SonyA7S2_Mix_Unet
Architecture:	UNetSeeInDark
TrainDataset:	Mix_Dataset
EvalDataset:	ELD_Dataset
CameraType:	SonyA7S2
num_channels:	32
BatchSize:	1
PatchSize:	512
LearningRate:	0.0002
Epoch:		1800
num_workers:	4
Command:	augv1.2, idremap, darkshading2
Let's use 0 GPUs!
2023-12-26 12:34:14 >>  SID Datasets: Dgain=100
Model Name:	SonyA7S2_Mix_Unet
Architecture:	UNetSeeInDark
TrainDataset:	Mix_Dataset
EvalDataset:	ELD_Dataset
CameraType:	SonyA7S2
num_channels:	32
BatchSize:	1
PatchSize:	512
LearningRate:	0.0002
Epoch:		1800
num_workers:	4
Command:	augv1.2, idremap, darkshading2
Let's use 0 GPUs!
2023-12-26 13:59:19 >>  SID Datasets: Dgain=100
Model Name:	SonyA7S2_Mix_Unet
Architecture:	UNetSeeInDark
TrainDataset:	Mix_Dataset
EvalDataset:	ELD_Dataset
CameraType:	SonyA7S2
num_channels:	32
BatchSize:	1
PatchSize:	512
LearningRate:	0.0002
Epoch:		1800
num_workers:	4
Command:	augv1.2, idremap, darkshading2
Let's use 0 GPUs!
2023-12-26 14:18:03 >>  SID Datasets: Dgain=100
Model Name:	SonyA7S2_Mix_Unet
Architecture:	UNetSeeInDark
TrainDataset:	Mix_Dataset
EvalDataset:	ELD_Dataset
CameraType:	SonyA7S2
num_channels:	32
BatchSize:	1
PatchSize:	512
LearningRate:	0.0002
Epoch:		1800
num_workers:	4
Command:	augv1.2, idremap, darkshading2
Let's use 0 GPUs!
2023-12-26 14:18:22 >>  ELD Datasets: Dgain=100
Model Name:	SonyA7S2_Mix_Unet
Architecture:	UNetSeeInDark
TrainDataset:	Mix_Dataset
EvalDataset:	ELD_Dataset
CameraType:	SonyA7S2
num_channels:	32
BatchSize:	1
PatchSize:	512
LearningRate:	0.0002
Epoch:		1800
num_workers:	4
Command:	augv1.2, idremap, darkshading2
Let's use 0 GPUs!
2023-12-26 14:19:49 >>  ELD Datasets: Dgain=100
Model Name:	SonyA7S2_Mix_Unet
Architecture:	UNetSeeInDark
TrainDataset:	Mix_Dataset
EvalDataset:	ELD_Dataset
CameraType:	SonyA7S2
num_channels:	32
BatchSize:	1
PatchSize:	512
LearningRate:	0.0002
Epoch:		1800
num_workers:	4
Command:	augv1.2, idremap, darkshading2
Let's use 0 GPUs!
2023-12-26 14:21:50 >>  SID Datasets: Dgain=100
Model Name:	SonyA7S2_Mix_Unet
Architecture:	UNetSeeInDark
TrainDataset:	Mix_Dataset
EvalDataset:	ELD_Dataset
CameraType:	SonyA7S2
num_channels:	32
BatchSize:	1
PatchSize:	512
LearningRate:	0.0002
Epoch:		1800
num_workers:	4
Command:	augv1.2, idremap, darkshading2
Let's use 0 GPUs!
2023-12-26 14:28:23 >>  ELD Datasets: Dgain=100
Model Name:	SonyA7S2_Mix_Unet
Architecture:	UNetSeeInDark
TrainDataset:	Mix_Dataset
EvalDataset:	ELD_Dataset
CameraType:	SonyA7S2
num_channels:	32
BatchSize:	1
PatchSize:	512
LearningRate:	0.0002
Epoch:		1800
num_workers:	4
Command:	augv1.2, idremap, darkshading2
Let's use 0 GPUs!
2023-12-26 14:31:34 >>  ELD Datasets: Dgain=100
Model Name:	SonyA7S2_Mix_Unet
Architecture:	UNetSeeInDark
TrainDataset:	Mix_Dataset
EvalDataset:	ELD_Dataset
CameraType:	SonyA7S2
num_channels:	32
BatchSize:	1
PatchSize:	512
LearningRate:	0.0002
Epoch:		1800
num_workers:	4
Command:	augv1.2, idremap, darkshading2
Let's use 0 GPUs!
2023-12-26 14:50:15 >>  SID Datasets: Dgain=100
Model Name:	SonyA7S2_Mix_Unet
Architecture:	UNetSeeInDark
TrainDataset:	Mix_Dataset
EvalDataset:	ELD_Dataset
CameraType:	SonyA7S2
num_channels:	32
BatchSize:	1
PatchSize:	512
LearningRate:	0.0002
Epoch:		1800
num_workers:	4
Command:	augv1.2, idremap, darkshading2
Let's use 0 GPUs!
2023-12-26 15:02:10 >>  SID Datasets: Dgain=100
Model Name:	SonyA7S2_Mix_Unet
Architecture:	UNetSeeInDark
TrainDataset:	Mix_Dataset
EvalDataset:	ELD_Dataset
CameraType:	SonyA7S2
num_channels:	32
BatchSize:	1
PatchSize:	512
LearningRate:	0.0002
Epoch:		1800
num_workers:	4
Command:	augv1.2, idremap, darkshading2
Let's use 0 GPUs!
2023-12-26 15:09:07 >>  SID Datasets: Dgain=100
Model Name:	SonyA7S2_Mix_Unet
Architecture:	UNetSeeInDark
TrainDataset:	Mix_Dataset
EvalDataset:	ELD_Dataset
CameraType:	SonyA7S2
num_channels:	32
BatchSize:	1
PatchSize:	512
LearningRate:	0.0002
Epoch:		1800
num_workers:	4
Command:	augv1.2, idremap, darkshading2
Let's use 0 GPUs!
2023-12-26 15:22:28 >>  SID Datasets: Dgain=100
Model Name:	SonyA7S2_Mix_Unet
Architecture:	UNetSeeInDark
TrainDataset:	Mix_Dataset
EvalDataset:	ELD_Dataset
CameraType:	SonyA7S2
num_channels:	32
BatchSize:	1
PatchSize:	512
LearningRate:	0.0002
Epoch:		1800
num_workers:	4
Command:	augv1.2, idremap, darkshading2
Let's use 0 GPUs!
2023-12-26 15:29:10 >>  ELD Datasets: Dgain=100
Model Name:	SonyA7S2_Mix_Unet
Architecture:	UNetSeeInDark
TrainDataset:	Mix_Dataset
EvalDataset:	ELD_Dataset
CameraType:	SonyA7S2
num_channels:	32
BatchSize:	1
PatchSize:	512
LearningRate:	0.0002
Epoch:		1800
num_workers:	4
Command:	augv1.2, idremap, darkshading2
Let's use 0 GPUs!
2023-12-26 15:29:33 >>  ELD Datasets: Dgain=100
Model Name:	SonyA7S2_Mix_Unet
Architecture:	UNetSeeInDark
TrainDataset:	Mix_Dataset
EvalDataset:	ELD_Dataset
CameraType:	SonyA7S2
num_channels:	32
BatchSize:	1
PatchSize:	512
LearningRate:	0.0002
Epoch:		1800
num_workers:	4
Command:	augv1.2, idremap, darkshading2
Let's use 0 GPUs!
2023-12-26 15:44:29 >>  ELD Datasets: Dgain=100
Model Name:	SonyA7S2_Mix_Unet
Architecture:	UNetSeeInDark
TrainDataset:	Mix_Dataset
EvalDataset:	ELD_Dataset
CameraType:	SonyA7S2
num_channels:	32
BatchSize:	1
PatchSize:	512
LearningRate:	0.0002
Epoch:		1800
num_workers:	4
Command:	augv1.2, idremap, darkshading2
Let's use 0 GPUs!
2023-12-26 15:53:54 >>  ELD Datasets: Dgain=100
Model Name:	SonyA7S2_Mix_Unet
Architecture:	UNetSeeInDark
TrainDataset:	Mix_Dataset
EvalDataset:	ELD_Dataset
CameraType:	SonyA7S2
num_channels:	32
BatchSize:	1
PatchSize:	512
LearningRate:	0.0002
Epoch:		1800
num_workers:	4
Command:	augv1.2, idremap, darkshading2
Let's use 0 GPUs!
2023-12-26 16:10:55 >>  ELD Datasets: Dgain=100
Model Name:	SonyA7S2_Mix_Unet
Architecture:	UNetSeeInDark
TrainDataset:	Mix_Dataset
EvalDataset:	ELD_Dataset
CameraType:	SonyA7S2
num_channels:	32
BatchSize:	1
PatchSize:	512
LearningRate:	0.0002
Epoch:		1800
num_workers:	4
Command:	augv1.2, idremap, darkshading2
Let's use 0 GPUs!
2023-12-26 16:13:35 >>  ELD Datasets: Dgain=100
Model Name:	SonyA7S2_Mix_Unet
Architecture:	UNetSeeInDark
TrainDataset:	Mix_Dataset
EvalDataset:	ELD_Dataset
CameraType:	SonyA7S2
num_channels:	32
BatchSize:	1
PatchSize:	512
LearningRate:	0.0002
Epoch:		1800
num_workers:	4
Command:	augv1.2, idremap, darkshading2
Let's use 0 GPUs!
2023-12-26 16:15:55 >>  ELD Datasets: Dgain=100
Model Name:	SonyA7S2_Mix_Unet
Architecture:	UNetSeeInDark
TrainDataset:	Mix_Dataset
EvalDataset:	ELD_Dataset
CameraType:	SonyA7S2
num_channels:	32
BatchSize:	1
PatchSize:	512
LearningRate:	0.0002
Epoch:		1800
num_workers:	4
Command:	augv1.2, idremap, darkshading2
Let's use 0 GPUs!
2023-12-26 17:13:38 >>  ELD Datasets: Dgain=100
Model Name:	SonyA7S2_Mix_Unet
Architecture:	UNetSeeInDark
TrainDataset:	Mix_Dataset
EvalDataset:	ELD_Dataset
CameraType:	SonyA7S2
num_channels:	32
BatchSize:	1
PatchSize:	512
LearningRate:	0.0002
Epoch:		1800
num_workers:	4
Command:	augv1.2, idremap, darkshading2
Let's use 0 GPUs!
2023-12-26 17:19:52 >>  ELD Datasets: Dgain=100
Model Name:	SonyA7S2_Mix_Unet
Architecture:	UNetSeeInDark
TrainDataset:	Mix_Dataset
EvalDataset:	ELD_Dataset
CameraType:	SonyA7S2
num_channels:	32
BatchSize:	1
PatchSize:	512
LearningRate:	0.0002
Epoch:		1800
num_workers:	4
Command:	augv1.2, idremap, darkshading2
Let's use 0 GPUs!
2023-12-26 17:26:26 >>  ELD Datasets: Dgain=100
Model Name:	SonyA7S2_Mix_Unet
Architecture:	UNetSeeInDark
TrainDataset:	Mix_Dataset
EvalDataset:	ELD_Dataset
CameraType:	SonyA7S2
num_channels:	32
BatchSize:	1
PatchSize:	512
LearningRate:	0.0002
Epoch:		1800
num_workers:	4
Command:	augv1.2, idremap, darkshading2
Let's use 0 GPUs!
2023-12-26 17:29:37 >>  ELD Datasets: Dgain=100
2023-12-26 18:20:46 >>  Epoch -1: PSNR=46.50
psnrs_lr=31.22, psnrs_dn=46.50
ssims_lr=0.5146, ssims_dn=0.9852
2023-12-26 18:20:46 >>  ELD Datasets: Dgain=200
2023-12-26 19:04:38 >>  Epoch -1: PSNR=44.51
psnrs_lr=26.28, psnrs_dn=44.51
ssims_lr=0.2401, ssims_dn=0.9708
2023-12-26 19:11:37 >>  SID Datasets: Dgain=100
2023-12-26 20:18:48 >>  Epoch -1: PSNR=43.16
psnrs_lr=29.35, psnrs_dn=43.16
ssims_lr=0.5259, ssims_dn=0.9598
2023-12-26 20:18:48 >>  SID Datasets: Dgain=250
2023-12-26 21:00:59 >>  Epoch -1: PSNR=40.92
psnrs_lr=24.00, psnrs_dn=40.92
ssims_lr=0.3346, ssims_dn=0.9471
2023-12-26 21:00:59 >>  SID Datasets: Dgain=300
2023-12-26 21:49:54 >>  Epoch -1: PSNR=37.77
psnrs_lr=22.48, psnrs_dn=37.77
ssims_lr=0.2757, ssims_dn=0.9341
Model Name:	SonyA7S2_Mix_Unet
Architecture:	UNetSeeInDark
TrainDataset:	Mix_Dataset
EvalDataset:	ELD_Dataset
CameraType:	SonyA7S2
num_channels:	32
BatchSize:	1
PatchSize:	512
LearningRate:	0.0002
Epoch:		1800
num_workers:	4
Command:	augv1.2, idremap, darkshading2
Let's use 0 GPUs!
2023-12-29 14:59:14 >>  ELD Datasets: Dgain=100
Model Name:	SonyA7S2_Mix_Unet
Architecture:	UNetSeeInDark
TrainDataset:	Mix_Dataset
EvalDataset:	ELD_Dataset
CameraType:	SonyA7S2
num_channels:	32
BatchSize:	1
PatchSize:	512
LearningRate:	0.0002
Epoch:		1800
num_workers:	4
Command:	augv1.2, idremap, darkshading2
Let's use 0 GPUs!
2023-12-29 15:02:26 >>  ELD Datasets: Dgain=100
Model Name:	SonyA7S2_Mix_Unet
Architecture:	UNetSeeInDark
TrainDataset:	Mix_Dataset
EvalDataset:	ELD_Dataset
CameraType:	SonyA7S2
num_channels:	32
BatchSize:	1
PatchSize:	512
LearningRate:	0.0002
Epoch:		1800
num_workers:	4
Command:	augv1.2, idremap, darkshading2
Let's use 0 GPUs!
2023-12-29 15:05:17 >>  ELD Datasets: Dgain=100
Model Name:	SonyA7S2_Mix_Unet
Architecture:	UNetSeeInDark
TrainDataset:	Mix_Dataset
EvalDataset:	ELD_Dataset
CameraType:	SonyA7S2
num_channels:	32
BatchSize:	1
PatchSize:	512
LearningRate:	0.0002
Epoch:		1800
num_workers:	4
Command:	augv1.2, idremap, darkshading2
Let's use 0 GPUs!
2023-12-29 15:09:16 >>  ELD Datasets: Dgain=100
Model Name:	SonyA7S2_Mix_Unet
Architecture:	UNetSeeInDark
TrainDataset:	Mix_Dataset
EvalDataset:	ELD_Dataset
CameraType:	SonyA7S2
num_channels:	32
BatchSize:	1
PatchSize:	512
LearningRate:	0.0002
Epoch:		1800
num_workers:	4
Command:	augv1.2, idremap, darkshading2
Let's use 0 GPUs!
2023-12-29 15:12:20 >>  ELD Datasets: Dgain=100
Model Name:	SonyA7S2_Mix_Unet
Architecture:	UNetSeeInDark
TrainDataset:	Mix_Dataset
EvalDataset:	ELD_Dataset
CameraType:	SonyA7S2
num_channels:	32
BatchSize:	1
PatchSize:	512
LearningRate:	0.0002
Epoch:		1800
num_workers:	4
Command:	augv1.2, idremap, darkshading2
Let's use 0 GPUs!
2023-12-29 15:27:19 >>  ELD Datasets: Dgain=100
Model Name:	SonyA7S2_Mix_Unet
Architecture:	UNetSeeInDark
TrainDataset:	Mix_Dataset
EvalDataset:	ELD_Dataset
CameraType:	SonyA7S2
num_channels:	32
BatchSize:	1
PatchSize:	512
LearningRate:	0.0002
Epoch:		1800
num_workers:	4
Command:	augv1.2, idremap, darkshading2
Let's use 0 GPUs!
2023-12-29 15:34:53 >>  ELD Datasets: Dgain=100
Model Name:	SonyA7S2_Mix_Unet
Architecture:	UNetSeeInDark
TrainDataset:	Mix_Dataset
EvalDataset:	ELD_Dataset
CameraType:	SonyA7S2
num_channels:	32
BatchSize:	1
PatchSize:	512
LearningRate:	0.0002
Epoch:		1800
num_workers:	4
Command:	augv1.2, idremap, darkshading2
Let's use 0 GPUs!
2023-12-29 15:38:16 >>  ELD Datasets: Dgain=100
Model Name:	SonyA7S2_Mix_Unet
Architecture:	UNetSeeInDark
TrainDataset:	Mix_Dataset
EvalDataset:	ELD_Dataset
CameraType:	SonyA7S2
num_channels:	32
BatchSize:	1
PatchSize:	512
LearningRate:	0.0002
Epoch:		1800
num_workers:	4
Command:	augv1.2, idremap, darkshading2
Let's use 0 GPUs!
2023-12-29 15:49:18 >>  ELD Datasets: Dgain=100
2023-12-29 15:59:47 >>  Epoch -1: PSNR=46.50
psnrs_lr=31.22, psnrs_dn=46.50
ssims_lr=0.5146, ssims_dn=0.9852
 snr_lr=0.00, snr_dn=20.69
2023-12-29 15:59:47 >>  ELD Datasets: Dgain=200
2023-12-29 16:13:57 >>  Epoch -1: PSNR=44.51
psnrs_lr=26.28, psnrs_dn=44.51
ssims_lr=0.2401, ssims_dn=0.9708
 snr_lr=0.00, snr_dn=19.69
2023-12-29 16:14:00 >>  SID Datasets: Dgain=100
2023-12-29 16:29:37 >>  Epoch -1: PSNR=43.16
psnrs_lr=29.35, psnrs_dn=43.16
ssims_lr=0.5259, ssims_dn=0.9598
 snr_lr=0.00, snr_dn=20.65
2023-12-29 16:29:37 >>  SID Datasets: Dgain=250
2023-12-29 16:44:21 >>  Epoch -1: PSNR=40.92
psnrs_lr=24.00, psnrs_dn=40.92
ssims_lr=0.3346, ssims_dn=0.9471
 snr_lr=0.00, snr_dn=20.42
2023-12-29 16:44:22 >>  SID Datasets: Dgain=300
2023-12-29 17:04:28 >>  Epoch -1: PSNR=37.77
psnrs_lr=22.48, psnrs_dn=37.77
ssims_lr=0.2757, ssims_dn=0.9341
 snr_lr=0.00, snr_dn=19.92
Model Name:	SonyA7S2_Mix_Unet
Architecture:	UNetSeeInDark
TrainDataset:	Mix_Dataset
EvalDataset:	ELD_Dataset
CameraType:	SonyA7S2
num_channels:	32
BatchSize:	1
PatchSize:	512
LearningRate:	0.0002
Epoch:		1800
num_workers:	4
Command:	augv1.2, idremap, darkshading2
Let's use 0 GPUs!
2023-12-29 17:17:56 >>  ELD Datasets: Dgain=100
2023-12-29 17:26:45 >>  Epoch -1: PSNR=46.50
psnrs_lr=31.22, psnrs_dn=46.50
ssims_lr=0.5146, ssims_dn=0.9852
 snr_lr=7.11, snr_dn=20.69
2023-12-29 17:26:45 >>  ELD Datasets: Dgain=200
Model Name:	SonyA7S2_Mix_Unet
Architecture:	UNetSeeInDark
TrainDataset:	Mix_Dataset
EvalDataset:	ELD_Dataset
CameraType:	SonyA7S2
num_channels:	32
BatchSize:	1
PatchSize:	512
LearningRate:	0.0002
Epoch:		1800
num_workers:	4
Command:	augv1.2, idremap, darkshading2
Let's use 0 GPUs!
2023-12-29 17:36:40 >>  ELD Datasets: Dgain=100
Model Name:	SonyA7S2_Mix_Unet
Architecture:	UNetSeeInDark
TrainDataset:	Mix_Dataset
EvalDataset:	ELD_Dataset
CameraType:	SonyA7S2
num_channels:	32
BatchSize:	1
PatchSize:	512
LearningRate:	0.0002
Epoch:		1800
num_workers:	4
Command:	augv1.2, idremap, darkshading2
Let's use 0 GPUs!
2023-12-29 17:39:41 >>  ELD Datasets: Dgain=100
Model Name:	SonyA7S2_Mix_Unet
Architecture:	UNetSeeInDark
TrainDataset:	Mix_Dataset
EvalDataset:	ELD_Dataset
CameraType:	SonyA7S2
num_channels:	32
BatchSize:	1
PatchSize:	512
LearningRate:	0.0002
Epoch:		1800
num_workers:	4
Command:	augv1.2, idremap, darkshading2
Let's use 0 GPUs!
2024-01-02 09:40:39 >>  ELD Datasets: Dgain=100
Model Name:	SonyA7S2_Mix_Unet
Architecture:	UNetSeeInDark
TrainDataset:	Mix_Dataset
EvalDataset:	ELD_Dataset
CameraType:	SonyA7S2
num_channels:	32
BatchSize:	1
PatchSize:	512
LearningRate:	0.0002
Epoch:		1800
num_workers:	4
Command:	augv1.2, idremap, darkshading2
Let's use 0 GPUs!
2024-01-02 09:41:45 >>  ELD Datasets: Dgain=100
Model Name:	SonyA7S2_Mix_Unet
Architecture:	UNetSeeInDark
TrainDataset:	Mix_Dataset
EvalDataset:	ELD_Dataset
CameraType:	SonyA7S2
num_channels:	32
BatchSize:	1
PatchSize:	512
LearningRate:	0.0002
Epoch:		1800
num_workers:	4
Command:	augv1.2, idremap, darkshading2
Let's use 0 GPUs!
2024-01-02 09:43:49 >>  ELD Datasets: Dgain=100
2024-01-02 09:52:25 >>  Epoch -1: PSNR=46.50
psnrs_lr=31.22, psnrs_dn=46.50
ssims_lr=0.5146, ssims_dn=0.9852
snr_lr=7.02, snr_dn=20.69
2024-01-02 09:52:25 >>  ELD Datasets: Dgain=200
2024-01-02 10:02:08 >>  Epoch -1: PSNR=44.51
psnrs_lr=26.28, psnrs_dn=44.51
ssims_lr=0.2401, ssims_dn=0.9708
snr_lr=5.55, snr_dn=19.69
2024-01-02 10:02:11 >>  SID Datasets: Dgain=100
2024-01-02 10:17:20 >>  Epoch -1: PSNR=43.16
psnrs_lr=29.35, psnrs_dn=43.16
ssims_lr=0.5259, ssims_dn=0.9598
snr_lr=7.24, snr_dn=20.65
2024-01-02 10:17:20 >>  SID Datasets: Dgain=250
2024-01-02 10:33:35 >>  Epoch -1: PSNR=40.92
psnrs_lr=24.00, psnrs_dn=40.92
ssims_lr=0.3346, ssims_dn=0.9471
snr_lr=6.93, snr_dn=20.42
2024-01-02 10:33:36 >>  SID Datasets: Dgain=300
2024-01-02 10:54:19 >>  Epoch -1: PSNR=37.77
psnrs_lr=22.48, psnrs_dn=37.77
ssims_lr=0.2757, ssims_dn=0.9341
snr_lr=6.77, snr_dn=19.92
Model Name:	SonyA7S2_Mix_Unet
Architecture:	UNetSeeInDark
TrainDataset:	Mix_Dataset
EvalDataset:	ELD_Dataset
CameraType:	SonyA7S2
num_channels:	32
BatchSize:	1
PatchSize:	512
LearningRate:	0.0002
Epoch:		1800
num_workers:	4
Command:	augv1.2, idremap, darkshading2
Let's use 0 GPUs!
2024-01-02 11:25:39 >>  ELD Datasets: Dgain=100
Model Name:	SonyA7S2_Mix_Unet
Architecture:	UNetSeeInDark
TrainDataset:	Mix_Dataset
EvalDataset:	ELD_Dataset
CameraType:	SonyA7S2
num_channels:	32
BatchSize:	1
PatchSize:	512
LearningRate:	0.0002
Epoch:		1800
num_workers:	4
Command:	augv1.2, idremap, darkshading2
Let's use 7 GPUs!
2024-01-02 12:52:56 >>  ELD Datasets: Dgain=100
2024-01-02 12:56:00 >>  Epoch -1: PSNR=46.50
psnrs_lr=31.22, psnrs_dn=46.50
ssims_lr=0.5146, ssims_dn=0.9852
2024-01-02 12:56:00 >>  ELD Datasets: Dgain=200
2024-01-02 12:58:49 >>  Epoch -1: PSNR=44.51
psnrs_lr=26.28, psnrs_dn=44.51
ssims_lr=0.2401, ssims_dn=0.9708
2024-01-02 12:58:52 >>  SID Datasets: Dgain=100
2024-01-02 13:02:39 >>  Epoch -1: PSNR=43.16
psnrs_lr=29.35, psnrs_dn=43.16
ssims_lr=0.5259, ssims_dn=0.9598
2024-01-02 13:02:39 >>  SID Datasets: Dgain=250
2024-01-02 13:06:25 >>  Epoch -1: PSNR=40.92
psnrs_lr=24.00, psnrs_dn=40.92
ssims_lr=0.3346, ssims_dn=0.9471
2024-01-02 13:06:25 >>  SID Datasets: Dgain=300
2024-01-02 13:11:01 >>  Epoch -1: PSNR=37.77
psnrs_lr=22.48, psnrs_dn=37.77
ssims_lr=0.2757, ssims_dn=0.9341
Model Name:	SonyA7S2_Mix_Unet
Architecture:	UNetSeeInDark
TrainDataset:	Mix_Dataset
EvalDataset:	ELD_Dataset
CameraType:	SonyA7S2
num_channels:	32
BatchSize:	1
PatchSize:	512
LearningRate:	0.0002
Epoch:		1800
num_workers:	4
Command:	augv1.2, idremap, darkshading2
Let's use 7 GPUs!
2024-01-02 14:30:25 >>  ELD Datasets: Dgain=100
Model Name:	SonyA7S2_Mix_Unet
Architecture:	UNetSeeInDark
TrainDataset:	Mix_Dataset
EvalDataset:	ELD_Dataset
CameraType:	SonyA7S2
num_channels:	32
BatchSize:	1
PatchSize:	512
LearningRate:	0.0002
Epoch:		1800
num_workers:	4
Command:	augv1.2, idremap, darkshading2
Let's use 7 GPUs!
2024-01-02 14:33:17 >>  ELD Datasets: Dgain=100
Model Name:	SonyA7S2_Mix_Unet
Architecture:	UNetSeeInDark
TrainDataset:	Mix_Dataset
EvalDataset:	ELD_Dataset
CameraType:	SonyA7S2
num_channels:	32
BatchSize:	1
PatchSize:	512
LearningRate:	0.0002
Epoch:		1800
num_workers:	4
Command:	augv1.2, idremap, darkshading2
Let's use 7 GPUs!
2024-01-02 14:40:16 >>  ELD Datasets: Dgain=100
Model Name:	SonyA7S2_Mix_Unet
Architecture:	UNetSeeInDark
TrainDataset:	Mix_Dataset
EvalDataset:	ELD_Dataset
CameraType:	SonyA7S2
num_channels:	32
BatchSize:	1
PatchSize:	512
LearningRate:	0.0002
Epoch:		1800
num_workers:	4
Command:	augv1.2, idremap, darkshading2
Let's use 7 GPUs!
2024-01-02 14:42:28 >>  ELD Datasets: Dgain=100
2024-01-02 14:45:22 >>  Epoch -1: PSNR=46.50
psnrs_lr=31.22, psnrs_dn=46.50
ssims_lr=0.5146, ssims_dn=0.9852
2024-01-02 14:45:22 >>  ELD Datasets: Dgain=200
2024-01-02 14:48:12 >>  Epoch -1: PSNR=44.51
psnrs_lr=26.28, psnrs_dn=44.51
ssims_lr=0.2401, ssims_dn=0.9708
2024-01-02 14:48:14 >>  SID Datasets: Dgain=100
2024-01-02 14:51:54 >>  Epoch -1: PSNR=43.16
psnrs_lr=29.35, psnrs_dn=43.16
ssims_lr=0.5259, ssims_dn=0.9598
2024-01-02 14:51:54 >>  SID Datasets: Dgain=250
2024-01-02 14:55:37 >>  Epoch -1: PSNR=40.92
psnrs_lr=24.00, psnrs_dn=40.92
ssims_lr=0.3346, ssims_dn=0.9471
2024-01-02 14:55:37 >>  SID Datasets: Dgain=300
2024-01-02 15:00:09 >>  Epoch -1: PSNR=37.77
psnrs_lr=22.48, psnrs_dn=37.77
ssims_lr=0.2757, ssims_dn=0.9341
Model Name:	SonyA7S2_Mix_Unet
Architecture:	UNetSeeInDark
TrainDataset:	Mix_Dataset
EvalDataset:	ELD_Dataset
CameraType:	SonyA7S2
num_channels:	32
BatchSize:	1
PatchSize:	512
LearningRate:	0.0002
Epoch:		1800
num_workers:	4
Command:	augv1.2, idremap, darkshading2
Let's use 0 GPUs!
2024-01-02 15:57:11 >>  ELD Datasets: Dgain=100
Model Name:	SonyA7S2_Mix_Unet
Architecture:	UNetSeeInDark
TrainDataset:	Mix_Dataset
EvalDataset:	ELD_Dataset
CameraType:	SonyA7S2
num_channels:	32
BatchSize:	1
PatchSize:	512
LearningRate:	0.0002
Epoch:		1800
num_workers:	4
Command:	augv1.2, idremap, darkshading2
Let's use 7 GPUs!
2024-01-02 15:58:46 >>  ELD Datasets: Dgain=100
2024-01-02 16:01:38 >>  Epoch -1: PSNR=46.50
psnrs_lr=31.22, psnrs_dn=46.50
ssims_lr=0.5146, ssims_dn=0.9852
2024-01-02 16:01:38 >>  ELD Datasets: Dgain=200
2024-01-02 16:04:27 >>  Epoch -1: PSNR=44.51
psnrs_lr=26.28, psnrs_dn=44.51
ssims_lr=0.2401, ssims_dn=0.9708
2024-01-02 16:04:30 >>  SID Datasets: Dgain=100
2024-01-02 16:08:15 >>  Epoch -1: PSNR=43.16
psnrs_lr=29.35, psnrs_dn=43.16
ssims_lr=0.5259, ssims_dn=0.9598
2024-01-02 16:08:16 >>  SID Datasets: Dgain=250
2024-01-02 16:11:57 >>  Epoch -1: PSNR=40.92
psnrs_lr=24.00, psnrs_dn=40.92
ssims_lr=0.3346, ssims_dn=0.9471
2024-01-02 16:11:58 >>  SID Datasets: Dgain=300
2024-01-02 16:16:30 >>  Epoch -1: PSNR=37.77
psnrs_lr=22.48, psnrs_dn=37.77
ssims_lr=0.2757, ssims_dn=0.9341
Model Name:	SonyA7S2_Mix_Unet
Architecture:	UNetSeeInDark
TrainDataset:	Mix_Dataset
EvalDataset:	ELD_Dataset
CameraType:	SonyA7S2
num_channels:	32
BatchSize:	1
PatchSize:	512
LearningRate:	0.0002
Epoch:		1800
num_workers:	4
Command:	augv1.2, idremap, darkshading2
Let's use 7 GPUs!
Model Name:	SonyA7S2_Mix_Unet
Architecture:	UNetSeeInDark
TrainDataset:	Mix_Dataset
EvalDataset:	ELD_Dataset
CameraType:	SonyA7S2
num_channels:	32
BatchSize:	1
PatchSize:	512
LearningRate:	0.0002
Epoch:		1800
num_workers:	4
Command:	augv1.2, idremap, darkshading2
Let's use 7 GPUs!
Model Name:	SonyA7S2_Mix_Unet
Architecture:	UNetSeeInDark
TrainDataset:	Mix_Dataset
EvalDataset:	ELD_Dataset
CameraType:	SonyA7S2
num_channels:	32
BatchSize:	1
PatchSize:	512
LearningRate:	0.0002
Epoch:		1800
num_workers:	4
Command:	augv1.2, idremap, darkshading2
Let's use 3 GPUs!
Model Name:	SonyA7S2_Mix_Unet
Architecture:	UNetSeeInDark
TrainDataset:	Mix_Dataset
EvalDataset:	ELD_Dataset
CameraType:	SonyA7S2
num_channels:	32
BatchSize:	1
PatchSize:	512
LearningRate:	0.0002
Epoch:		1800
num_workers:	4
Command:	augv1.2, idremap, darkshading2
Let's use 3 GPUs!
2024-01-03 16:12:23 >>  Epoch 100: PSNR=45.71
psnrs_lr=27.15, psnrs_dn=45.71
ssims_lr=0.2102, ssims_dn=0.9405
2024-01-03 18:08:42 >>  Epoch 200: PSNR=46.98
psnrs_lr=27.15, psnrs_dn=46.98
ssims_lr=0.2102, ssims_dn=0.9615
2024-01-03 19:47:34 >>  Epoch 300: PSNR=47.00
psnrs_lr=27.15, psnrs_dn=47.00
ssims_lr=0.2102, ssims_dn=0.9594
2024-01-03 21:24:14 >>  Epoch 400: PSNR=48.15
psnrs_lr=27.15, psnrs_dn=48.15
ssims_lr=0.2102, ssims_dn=0.9740
2024-01-03 22:58:11 >>  Epoch 500: PSNR=47.46
psnrs_lr=27.15, psnrs_dn=47.46
ssims_lr=0.2102, ssims_dn=0.9650
2024-01-04 00:31:55 >>  Epoch 600: PSNR=48.21
psnrs_lr=27.15, psnrs_dn=48.21
ssims_lr=0.2102, ssims_dn=0.9745
2024-01-04 00:31:56 >>  Successfully reload best model (Eval PSNR:48.213997737726)
2024-01-04 02:05:19 >>  Epoch 700: PSNR=47.78
psnrs_lr=27.15, psnrs_dn=47.78
ssims_lr=0.2102, ssims_dn=0.9710
2024-01-04 03:37:49 >>  Epoch 800: PSNR=46.27
psnrs_lr=27.15, psnrs_dn=46.27
ssims_lr=0.2102, ssims_dn=0.9286
2024-01-04 05:10:23 >>  Epoch 900: PSNR=47.91
psnrs_lr=27.15, psnrs_dn=47.91
ssims_lr=0.2102, ssims_dn=0.9627
2024-01-04 06:41:07 >>  Epoch 1000: PSNR=47.81
psnrs_lr=27.15, psnrs_dn=47.81
ssims_lr=0.2102, ssims_dn=0.9647
2024-01-04 08:12:55 >>  Epoch 1100: PSNR=47.80
psnrs_lr=27.15, psnrs_dn=47.80
ssims_lr=0.2102, ssims_dn=0.9663
Model Name:	SonyA7S2_Mix_Unet
Architecture:	UNetSeeInDark
TrainDataset:	Mix_Dataset
EvalDataset:	ELD_Dataset
CameraType:	SonyA7S2
num_channels:	32
BatchSize:	1
PatchSize:	512
LearningRate:	0.0002
Epoch:		1800
num_workers:	4
Command:	augv1.2, idremap, darkshading2
Let's use 3 GPUs!
2024-01-05 02:27:39 >>  Epoch 100: PSNR=45.54
psnrs_lr=27.15, psnrs_dn=45.54
ssims_lr=0.2102, ssims_dn=0.9366
Model Name:	SonyA7S2_Mix_Unet
Architecture:	UNetSeeInDark
TrainDataset:	Mix_Dataset
EvalDataset:	ELD_Dataset
CameraType:	SonyA7S2
num_channels:	32
BatchSize:	1
PatchSize:	512
LearningRate:	0.0002
Epoch:		1800
num_workers:	4
Command:	augv1.2, idremap, darkshading2
Let's use 3 GPUs!
2024-01-05 20:36:44 >>  Epoch 100: PSNR=46.48
psnrs_lr=27.15, psnrs_dn=46.48
ssims_lr=0.2102, ssims_dn=0.9572
Model Name:	SonyA7S2_Mix_Unet
Architecture:	UNetSeeInDark
TrainDataset:	Mix_Dataset
EvalDataset:	ELD_Dataset
CameraType:	SonyA7S2
num_channels:	32
BatchSize:	1
PatchSize:	512
LearningRate:	0.0002
Epoch:		1800
num_workers:	4
Command:	augv1.2, idremap, darkshading2
Let's use 3 GPUs!
2024-01-08 12:13:38 >>  Epoch 100: PSNR=46.23
psnrs_lr=27.15, psnrs_dn=46.23
ssims_lr=0.2102, ssims_dn=0.9528
2024-01-08 13:06:15 >>  Epoch 200: PSNR=47.07
psnrs_lr=27.15, psnrs_dn=47.07
ssims_lr=0.2102, ssims_dn=0.9598
2024-01-08 13:58:59 >>  Epoch 300: PSNR=47.06
psnrs_lr=27.15, psnrs_dn=47.06
ssims_lr=0.2102, ssims_dn=0.9640
2024-01-08 14:52:01 >>  Epoch 400: PSNR=46.73
psnrs_lr=27.15, psnrs_dn=46.73
ssims_lr=0.2102, ssims_dn=0.9499
2024-01-08 15:44:54 >>  Epoch 500: PSNR=47.10
psnrs_lr=27.15, psnrs_dn=47.10
ssims_lr=0.2102, ssims_dn=0.9590
